~~~~~~~~~~~~~~~~~~~~~~~~~~~~~~
current: ./dataset/solitaire
number of value sets identified: 70
number of opaque predicates: 58
time it takes to obfuscate (seconds): 190.23115329496795
time it takes to obfuscate (formatted): 0:03:10.231153
Frama-C runtime (seconds): 67.54161085095257
Frama-C runtime (formatted): 0:01:07.541611
value sets that didn't make it as opaque predicates, or unsat(9)
value sets that didn't make it as value sets since it's only zero(3)
~~~~~~~~~~~~~~~~~~~~~~~~~~~~~~
values that are unsat: 
('unsat /tmp/zfp-0.6515549897043162/solitaire.c:61:lo [0 1 2 3 4 5 6 7 8 9 10 '
 '11 12 13 14 15 16 17 18 19 20 21 22 23 24 25 26 27 28 29 30 31 32 33 34 35 '
 '36 37 38 39 40 41 42 43 44 45 46 47 48 49 50 51 52 53 54 55 56 57 58 59 60 '
 '61 62 63 64 65 66 67 68 69 70 71 72 73 74 75 76 77 78 79 80 81 82 83 84 85 '
 '86 87 88 89 90 91 92 93 94 95 96 97 98 99 100 101 102 103 104 105 106 107 '
 '108 109 110 111 112 -2 -5 -4 -3 -1]')
('unsat /tmp/zfp-0.6515549897043162/solitaire.c:41:lo [0 1 2 3 4 5 6 7 8 9 10 '
 '11 12 13 14 15 16 17 18 19 20 21 22 23 24 25 26 27 28 29 30 31 32 33 34 35 '
 '36 37 38 39 40 41 42 43 44 45 46 47 48 49 50 51 52 53 54 55 56 57 58 59 60 '
 '61 62 63 64 65 66 67 68 69 70 71 72 73 74 75 76 77 78 79 80 81 82 83 84 85 '
 '86 87 88 89 90 91 92 93 94 95 96 97 98 99 100 101 102 103 104 105 106 107 '
 '108 109 110 111 112 -2 -6 -5 -4 -3 -1]')
('unsat /tmp/zfp-0.6515549897043162/solitaire.c:39:hi [0 1 2 3 4 5 6 7 8 9 10 '
 '11 12 13 14 15 16 17 18 19 20 21 22 23 24 25 26 27 28 29 30 31 32 33 34 35 '
 '36 37 38 39 40 41 42 43 44 45 46 47 48 49 50 51 52 53 54 55 56 57 58 59 60 '
 '61 62 63 64 65 66 67 68 69 70 71 72 73 74 75 76 77 78 79 80 81 82 83 84 85 '
 '86 87 88 89 90 91 92 93 94 95 96 97 98 99 100 101 102 103 104 105 106 107 '
 '108 109 110 111 112 113 -2 -5 -4 -3 -1]')
('unsat /tmp/zfp-0.6515549897043162/solitaire.c:168:kval [0 1 2 3 4 5 6 7 8 9 '
 '10 11 12 13 14 15 16 17 18 19 20 21 22 23 24 25 26 27 28 29 30 31 32 33 34 '
 '35 36 37 38 39 40 41 42 43 44 45 46 47 48 49 50 51 52 53 54 55 56 57 58 59 '
 '60 61 62 63 -192 -191 -190 -189 -188 -187 -186 -185 -184 -183 -182 -181 -180 '
 '-179 -178 -177 -176 -175 -174 -173 -172 -171 -170 -169 -168 -167 -166 -165 '
 '-164 -163 -162 -161 -160 -159 -158 -157 -156 -155 -154 -153 -152 -151 -150 '
 '-149 -148 -147 -146 -145 -144 -143 -142 -141 -140 -139 -138 -137 -136 -135 '
 '-134 -133 -132 -131 -130 -129 -128 -127 -126 -125 -124 -123 -122 -121 -120 '
 '-119 -118 -117 -116 -115 -114 -113 -112 -111 -110 -109 -108 -107 -106 -105 '
 '-104 -103 -102 -101 -100 -99 -98 -97 -96 -95 -94 -93 -92 -91 -90 -89 -88 -87 '
 '-86 -85 -84 -83 -82 -81 -80 -79 -78 -77 -76 -75 -74 -73 -72 -71 -70 -69 -68 '
 '-67 -66 -65 -64 -63 -62 -61 -60 -59 -58 -57 -56 -55 -54 -53 -52 -51 -50 -49 '
 '-48 -47 -46 -45 -44 -43 -42 -41 -40 -39 -38 -37 -36 -35 -34 -33 -32 -31 -30 '
 '-29 -28 -27 -26 -25 -24 -23 -22 -21 -20 -19 -18 -17 -16 -15 -14 -13 -12 -11 '
 '-10 -9 -8 -7 -6 -5 -4 -3 -2 -1]')
('unsat /tmp/zfp-0.6515549897043162/solitaire.c:46:lo [0 1 2 3 4 5 6 7 8 9 10 '
 '11 12 13 14 15 16 17 18 19 20 21 22 23 24 25 26 27 28 29 30 31 32 33 34 35 '
 '36 37 38 39 40 41 42 43 44 45 46 47 48 49 50 51 52 53 54 55 56 57 58 59 60 '
 '61 62 63 64 65 66 67 68 69 70 71 72 73 74 75 76 77 78 79 80 81 82 83 84 85 '
 '86 87 88 89 90 91 92 93 94 95 96 97 98 99 100 101 102 103 104 105 106 107 '
 '108 109 110 111 112 -2 -5 -4 -3 -1]')
('unsat /tmp/zfp-0.6515549897043162/solitaire.c:166:kval [0 1 2 3 4 5 6 7 8 9 '
 '10 11 12 13 14 15 16 17 18 19 20 21 22 23 24 25 26 27 28 29 30 31 32 33 34 '
 '35 36 37 38 39 40 41 42 43 44 45 46 47 48 49 50 51 52 53 54 55 56 57 58 59 '
 '60 61 62 63 -192 -191 -190 -189 -188 -187 -186 -185 -184 -183 -182 -181 -180 '
 '-179 -178 -177 -176 -175 -174 -173 -172 -171 -170 -169 -168 -167 -166 -165 '
 '-164 -163 -162 -161 -160 -159 -158 -157 -156 -155 -154 -153 -152 -151 -150 '
 '-149 -148 -147 -146 -145 -144 -143 -142 -141 -140 -139 -138 -137 -136 -135 '
 '-134 -133 -132 -131 -130 -129 -128 -127 -126 -125 -124 -123 -122 -121 -120 '
 '-119 -118 -117 -116 -115 -114 -113 -112 -111 -110 -109 -108 -107 -106 -105 '
 '-104 -103 -102 -101 -100 -99 -98 -97 -96 -95 -94 -93 -92 -91 -90 -89 -88 -87 '
 '-86 -85 -84 -83 -82 -81 -80 -79 -78 -77 -76 -75 -74 -73 -72 -71 -70 -69 -68 '
 '-67 -66 -65 -64 -63 -62 -61 -60 -59 -58 -57 -56 -55 -54 -53 -52 -51 -50 -49 '
 '-48 -47 -46 -45 -44 -43 -42 -41 -40 -39 -38 -37 -36 -35 -34 -33 -32 -31 -30 '
 '-29 -28 -27 -26 -25 -24 -23 -22 -21 -20 -19 -18 -17 -16 -15 -14 -13 -12 -11 '
 '-10 -9 -8 -7 -6 -5 -4 -3 -2 -1]')
('unsat /tmp/zfp-0.6515549897043162/solitaire.c:161:kval [0 1 2 3 4 5 6 7 8 9 '
 '10 11 12 13 14 15 16 17 18 19 20 21 22 23 24 25 26 27 28 29 30 31 32 33 34 '
 '35 36 37 38 39 40 41 42 43 44 45 46 47 48 49 50 51 52 53 54 55 56 57 58 59 '
 '60 61 62 63 -192 -191 -190 -189 -188 -187 -186 -185 -184 -183 -182 -181 -180 '
 '-179 -178 -177 -176 -175 -174 -173 -172 -171 -170 -169 -168 -167 -166 -165 '
 '-164 -163 -162 -161 -160 -159 -158 -157 -156 -155 -154 -153 -152 -151 -150 '
 '-149 -148 -147 -146 -145 -144 -143 -142 -141 -140 -139 -138 -137 -136 -135 '
 '-134 -133 -132 -131 -130 -129 -128 -127 -126 -125 -124 -123 -122 -121 -120 '
 '-119 -118 -117 -116 -115 -114 -113 -112 -111 -110 -109 -108 -107 -106 -105 '
 '-104 -103 -102 -101 -100 -99 -98 -97 -96 -95 -94 -93 -92 -91 -90 -89 -88 -87 '
 '-86 -85 -84 -83 -82 -81 -80 -79 -78 -77 -76 -75 -74 -73 -72 -71 -70 -69 -68 '
 '-67 -66 -65 -64 -63 -62 -61 -60 -59 -58 -57 -56 -55 -54 -53 -52 -51 -50 -49 '
 '-48 -47 -46 -45 -44 -43 -42 -41 -40 -39 -38 -37 -36 -35 -34 -33 -32 -31 -30 '
 '-29 -28 -27 -26 -25 -24 -23 -22 -21 -20 -19 -18 -17 -16 -15 -14 -13 -12 -11 '
 '-10 -9 -8 -7 -6 -5 -4 -3 -2 -1]')
('unsat /tmp/zfp-0.6515549897043162/solitaire.c:77:lo [0 1 2 3 4 5 6 7 8 9 10 '
 '11 12 13 14 15 16 17 18 19 20 21 22 23 24 25 26 27 28 29 30 31 32 33 34 35 '
 '36 37 38 39 40 41 42 43 44 45 46 47 48 49 50 51 52 53 54 55 56 57 58 59 60 '
 '61 62 63 64 65 66 67 68 69 70 71 72 73 74 75 76 77 78 79 80 81 82 83 84 85 '
 '86 87 88 89 90 91 92 93 94 95 96 97 98 99 100 101 102 103 104 105 106 107 '
 '108 109 110 111 112 -2 -5 -4 -3 -1]')
('unsat /tmp/zfp-0.6515549897043162/solitaire.c:163:kval [0 1 2 3 4 5 6 7 8 9 '
 '10 11 12 13 14 15 16 17 18 19 20 21 22 23 24 25 26 27 28 29 30 31 32 33 34 '
 '35 36 37 38 39 40 41 42 43 44 45 46 47 48 49 50 51 52 53 54 55 56 57 58 59 '
 '60 61 62 63 -192 -191 -190 -189 -188 -187 -186 -185 -184 -183 -182 -181 -180 '
 '-179 -178 -177 -176 -175 -174 -173 -172 -171 -170 -169 -168 -167 -166 -165 '
 '-164 -163 -162 -161 -160 -159 -158 -157 -156 -155 -154 -153 -152 -151 -150 '
 '-149 -148 -147 -146 -145 -144 -143 -142 -141 -140 -139 -138 -137 -136 -135 '
 '-134 -133 -132 -131 -130 -129 -128 -127 -126 -125 -124 -123 -122 -121 -120 '
 '-119 -118 -117 -116 -115 -114 -113 -112 -111 -110 -109 -108 -107 -106 -105 '
 '-104 -103 -102 -101 -100 -99 -98 -97 -96 -95 -94 -93 -92 -91 -90 -89 -88 -87 '
 '-86 -85 -84 -83 -82 -81 -80 -79 -78 -77 -76 -75 -74 -73 -72 -71 -70 -69 -68 '
 '-67 -66 -65 -64 -63 -62 -61 -60 -59 -58 -57 -56 -55 -54 -53 -52 -51 -50 -49 '
 '-48 -47 -46 -45 -44 -43 -42 -41 -40 -39 -38 -37 -36 -35 -34 -33 -32 -31 -30 '
 '-29 -28 -27 -26 -25 -24 -23 -22 -21 -20 -19 -18 -17 -16 -15 -14 -13 -12 -11 '
 '-10 -9 -8 -7 -6 -5 -4 -3 -2 -1]')
~~~~~~~~~~~~~~~~~~~~~~~~~~~~~~
values that are too simple: 
'/tmp/zfp-0.6515549897043162/solitaire.c:121:output:{0}'
'/tmp/zfp-0.6515549897043162/solitaire.c:220:i:{0}'
'/tmp/zfp-0.6515549897043162/solitaire.c:178:cocount:{0}'
